<?xml version="1.0" encoding="UTF-8"?>
<!-- Generated by org.testng.reporters.JUnitXMLReporter -->
<testsuite hostname="MSI" ignored="15" name="Command line test" tests="17" failures="0" timestamp="25 May 2022 10:49:08 GMT" time="6.965" errors="0">
  <testcase name="@BeforeTest beforeTest" time="5.896" classname="com.test.heroku.BaseTest">
    <failure type="java.lang.RuntimeException" message="Failed to fetch the Web Driver!!!">
      <![CDATA[java.lang.RuntimeException: Failed to fetch the Web Driver!!!
at com.test.heroku.common.WebDriverSetup.getWebDriver(WebDriverSetup.java:41)
at com.test.heroku.common.WebDriverManager.setDriver(WebDriverManager.java:33)
at com.test.heroku.BaseTest.beforeTest(BaseTest.java:27)
... Removed 34 stack frames]]>
    </failure>
  </testcase> <!-- @BeforeTest beforeTest -->
  <testcase name="@AfterMethod closeBrowser" time="0.0" classname="com.test.heroku.BaseTest">
    <failure type="java.lang.NullPointerException">
      <![CDATA[java.lang.NullPointerException
at com.test.heroku.BaseTest.tearDown(BaseTest.java:73)
at com.test.heroku.BaseTest.closeBrowser(BaseTest.java:69)
... Removed 38 stack frames]]>
    </failure>
  </testcase> <!-- @AfterMethod closeBrowser -->
  <testcase name="@AfterMethod closeBrowser" time="0.001" classname="com.test.heroku.BaseTest">
    <failure type="java.lang.NullPointerException">
      <![CDATA[java.lang.NullPointerException
at com.test.heroku.BaseTest.tearDown(BaseTest.java:73)
at com.test.heroku.BaseTest.closeBrowser(BaseTest.java:69)
... Removed 38 stack frames]]>
    </failure>
  </testcase> <!-- @AfterMethod closeBrowser -->
  <testcase name="@AfterMethod closeBrowser" time="0.001" classname="com.test.heroku.BaseTest">
    <failure type="java.lang.NullPointerException">
      <![CDATA[java.lang.NullPointerException
at com.test.heroku.BaseTest.tearDown(BaseTest.java:73)
at com.test.heroku.BaseTest.closeBrowser(BaseTest.java:69)
... Removed 38 stack frames]]>
    </failure>
  </testcase> <!-- @AfterMethod closeBrowser -->
  <testcase name="@AfterMethod closeBrowser" time="0.001" classname="com.test.heroku.BaseTest">
    <failure type="java.lang.NullPointerException">
      <![CDATA[java.lang.NullPointerException
at com.test.heroku.BaseTest.tearDown(BaseTest.java:73)
at com.test.heroku.BaseTest.closeBrowser(BaseTest.java:69)
... Removed 38 stack frames]]>
    </failure>
  </testcase> <!-- @AfterMethod closeBrowser -->
  <testcase name="@AfterMethod closeBrowser" time="0.0" classname="com.test.heroku.BaseTest">
    <failure type="java.lang.NullPointerException">
      <![CDATA[java.lang.NullPointerException
at com.test.heroku.BaseTest.tearDown(BaseTest.java:73)
at com.test.heroku.BaseTest.closeBrowser(BaseTest.java:69)
... Removed 38 stack frames]]>
    </failure>
  </testcase> <!-- @AfterMethod closeBrowser -->
  <testcase name="@AfterMethod closeBrowser" time="0.0" classname="com.test.heroku.BaseTest">
    <failure type="java.lang.NullPointerException">
      <![CDATA[java.lang.NullPointerException
at com.test.heroku.BaseTest.tearDown(BaseTest.java:73)
at com.test.heroku.BaseTest.closeBrowser(BaseTest.java:69)
... Removed 38 stack frames]]>
    </failure>
  </testcase> <!-- @AfterMethod closeBrowser -->
  <testcase name="@AfterMethod closeBrowser" time="0.0" classname="com.test.heroku.BaseTest">
    <failure type="java.lang.NullPointerException">
      <![CDATA[java.lang.NullPointerException
at com.test.heroku.BaseTest.tearDown(BaseTest.java:73)
at com.test.heroku.BaseTest.closeBrowser(BaseTest.java:69)
... Removed 38 stack frames]]>
    </failure>
  </testcase> <!-- @AfterMethod closeBrowser -->
  <testcase name="@AfterMethod closeBrowser" time="0.0" classname="com.test.heroku.BaseTest">
    <failure type="java.lang.NullPointerException">
      <![CDATA[java.lang.NullPointerException
at com.test.heroku.BaseTest.tearDown(BaseTest.java:73)
at com.test.heroku.BaseTest.closeBrowser(BaseTest.java:69)
... Removed 38 stack frames]]>
    </failure>
  </testcase> <!-- @AfterMethod closeBrowser -->
  <testcase name="@AfterMethod closeBrowser" time="0.0" classname="com.test.heroku.BaseTest">
    <failure type="java.lang.NullPointerException">
      <![CDATA[java.lang.NullPointerException
at com.test.heroku.BaseTest.tearDown(BaseTest.java:73)
at com.test.heroku.BaseTest.closeBrowser(BaseTest.java:69)
... Removed 38 stack frames]]>
    </failure>
  </testcase> <!-- @AfterMethod closeBrowser -->
  <testcase name="@AfterMethod closeBrowser" time="0.0" classname="com.test.heroku.BaseTest">
    <failure type="java.lang.NullPointerException">
      <![CDATA[java.lang.NullPointerException
at com.test.heroku.BaseTest.tearDown(BaseTest.java:73)
at com.test.heroku.BaseTest.closeBrowser(BaseTest.java:69)
... Removed 38 stack frames]]>
    </failure>
  </testcase> <!-- @AfterMethod closeBrowser -->
  <testcase name="@AfterMethod closeBrowser" time="0.0" classname="com.test.heroku.BaseTest">
    <failure type="java.lang.NullPointerException">
      <![CDATA[java.lang.NullPointerException
at com.test.heroku.BaseTest.tearDown(BaseTest.java:73)
at com.test.heroku.BaseTest.closeBrowser(BaseTest.java:69)
... Removed 38 stack frames]]>
    </failure>
  </testcase> <!-- @AfterMethod closeBrowser -->
  <testcase name="@AfterMethod closeBrowser" time="0.001" classname="com.test.heroku.BaseTest">
    <failure type="java.lang.NullPointerException">
      <![CDATA[java.lang.NullPointerException
at com.test.heroku.BaseTest.tearDown(BaseTest.java:73)
at com.test.heroku.BaseTest.closeBrowser(BaseTest.java:69)
... Removed 38 stack frames]]>
    </failure>
  </testcase> <!-- @AfterMethod closeBrowser -->
  <testcase name="@AfterClass createHTMLReport" time="0.0" classname="runner.TestRunner">
    <skipped/>
  </testcase> <!-- @AfterClass createHTMLReport -->
  <testcase name="@AfterMethod closeBrowser" time="0.0" classname="com.test.heroku.BaseTest">
    <failure type="java.lang.NullPointerException">
      <![CDATA[java.lang.NullPointerException
at com.test.heroku.BaseTest.tearDown(BaseTest.java:73)
at com.test.heroku.BaseTest.closeBrowser(BaseTest.java:69)
... Removed 38 stack frames]]>
    </failure>
  </testcase> <!-- @AfterMethod closeBrowser -->
  <testcase name="@AfterMethod closeBrowser" time="0.001" classname="com.test.heroku.BaseTest">
    <failure type="java.lang.NullPointerException">
      <![CDATA[java.lang.NullPointerException
at com.test.heroku.BaseTest.tearDown(BaseTest.java:73)
at com.test.heroku.BaseTest.closeBrowser(BaseTest.java:69)
... Removed 38 stack frames]]>
    </failure>
  </testcase> <!-- @AfterMethod closeBrowser -->
  <testcase name="@AfterMethod closeBrowser" time="0.0" classname="com.test.heroku.BaseTest">
    <failure type="java.lang.NullPointerException">
      <![CDATA[java.lang.NullPointerException
at com.test.heroku.BaseTest.tearDown(BaseTest.java:73)
at com.test.heroku.BaseTest.closeBrowser(BaseTest.java:69)
... Removed 38 stack frames]]>
    </failure>
  </testcase> <!-- @AfterMethod closeBrowser -->
  <testcase name="verifyMouseHover" time="0.0" classname="com.test.heroku.ActionsTest">
    <skipped/>
  </testcase> <!-- verifyMouseHover -->
  <testcase name="verifyCheckboxSelection" time="0.0" classname="com.test.heroku.BasicAutomationTest">
    <skipped/>
  </testcase> <!-- verifyCheckboxSelection -->
  <testcase name="verifyDropdownSelection" time="0.0" classname="com.test.heroku.BasicAutomationTest">
    <skipped/>
  </testcase> <!-- verifyDropdownSelection -->
  <testcase name="verifyDropdownValues" time="0.0" classname="com.test.heroku.BasicAutomationTest">
    <skipped/>
  </testcase> <!-- verifyDropdownValues -->
  <testcase name="verifyKeyPressFromKeyboard" time="0.0" classname="com.test.heroku.BasicAutomationTest">
    <skipped/>
  </testcase> <!-- verifyKeyPressFromKeyboard -->
  <testcase name="dataTableLabelValidation" time="0.0" classname="com.test.heroku.DataTableTest">
    <skipped/>
  </testcase> <!-- dataTableLabelValidation -->
  <testcase name="table1DataRowsValidation" time="0.0" classname="com.test.heroku.DataTableTest">
    <skipped/>
  </testcase> <!-- table1DataRowsValidation -->
  <testcase name="table1FullDataValidation" time="0.0" classname="com.test.heroku.DataTableTest">
    <skipped/>
  </testcase> <!-- table1FullDataValidation -->
  <testcase name="table1HeaderValidation" time="0.0" classname="com.test.heroku.DataTableTest">
    <skipped/>
  </testcase> <!-- table1HeaderValidation -->
  <testcase name="test1" time="0.0" classname="com.test.heroku.HomepageTest">
    <skipped/>
  </testcase> <!-- test1 -->
  <testcase name="loginPageText" time="0.0" classname="com.test.heroku.LoginTest">
    <skipped/>
  </testcase> <!-- loginPageText -->
  <testcase name="loginSuccessValidation" time="0.0" classname="com.test.heroku.LoginTest">
    <skipped/>
  </testcase> <!-- loginSuccessValidation -->
  <testcase name="runScenario" time="0.0" classname="io.cucumber.testng.AbstractTestNGCucumberTests">
    <skipped/>
  </testcase> <!-- runScenario -->
  <testcase name="runScenario" time="0.0" classname="io.cucumber.testng.AbstractTestNGCucumberTests">
    <skipped/>
  </testcase> <!-- runScenario -->
  <testcase name="test1" time="0.0" classname="SampleTest">
    <skipped/>
  </testcase> <!-- test1 -->
  <testcase name="testMethod" time="0.0" classname="SampleTest">
    <skipped/>
  </testcase> <!-- testMethod -->
  <testcase name="basicAuthAlertTest" time="0.0" classname="com.test.heroku.AlertTest">
    <skipped/>
  </testcase> <!-- basicAuthAlertTest -->
  <testcase name="jsAlertTest" time="0.0" classname="com.test.heroku.AlertTest">
    <ignored/>
  </testcase> <!-- jsAlertTest -->
  <testcase name="@BeforeTest beforeTest" time="0.0" classname="com.test.heroku.BaseTest">
    <ignored/>
  </testcase> <!-- @BeforeTest beforeTest -->
  <testcase name="@BeforeTest beforeTest" time="0.0" classname="com.test.heroku.BaseTest">
    <ignored/>
  </testcase> <!-- @BeforeTest beforeTest -->
  <testcase name="@BeforeTest beforeTest" time="0.0" classname="com.test.heroku.BaseTest">
    <ignored/>
  </testcase> <!-- @BeforeTest beforeTest -->
  <testcase name="@BeforeTest beforeTest" time="0.0" classname="com.test.heroku.BaseTest">
    <ignored/>
  </testcase> <!-- @BeforeTest beforeTest -->
  <testcase name="@BeforeTest beforeTest" time="0.0" classname="com.test.heroku.BaseTest">
    <ignored/>
  </testcase> <!-- @BeforeTest beforeTest -->
  <testcase name="@BeforeTest beforeTest" time="0.0" classname="com.test.heroku.BaseTest">
    <ignored/>
  </testcase> <!-- @BeforeTest beforeTest -->
  <testcase name="@BeforeTest beforeTest" time="0.0" classname="com.test.heroku.BaseTest">
    <ignored/>
  </testcase> <!-- @BeforeTest beforeTest -->
  <testcase name="@BeforeSuite beforeSuite" time="0.0" classname="com.test.heroku.BaseTest">
    <ignored/>
  </testcase> <!-- @BeforeSuite beforeSuite -->
  <testcase name="@BeforeSuite beforeSuite" time="0.0" classname="com.test.heroku.BaseTest">
    <ignored/>
  </testcase> <!-- @BeforeSuite beforeSuite -->
  <testcase name="@BeforeSuite beforeSuite" time="0.0" classname="com.test.heroku.BaseTest">
    <ignored/>
  </testcase> <!-- @BeforeSuite beforeSuite -->
  <testcase name="@BeforeSuite beforeSuite" time="0.0" classname="com.test.heroku.BaseTest">
    <ignored/>
  </testcase> <!-- @BeforeSuite beforeSuite -->
  <testcase name="@BeforeSuite beforeSuite" time="0.0" classname="com.test.heroku.BaseTest">
    <ignored/>
  </testcase> <!-- @BeforeSuite beforeSuite -->
  <testcase name="@BeforeSuite beforeSuite" time="0.0" classname="com.test.heroku.BaseTest">
    <ignored/>
  </testcase> <!-- @BeforeSuite beforeSuite -->
  <testcase name="@BeforeSuite beforeSuite" time="0.0" classname="com.test.heroku.BaseTest">
    <ignored/>
  </testcase> <!-- @BeforeSuite beforeSuite -->
</testsuite> <!-- Command line test -->
